<?xml version="1.0" encoding="UTF-8"?>
<testsuite name="com.ys.springboot.web.HelloControllerTest" tests="2" skipped="0" failures="0" errors="0" timestamp="2021-03-22T09:19:31" hostname="YS-MacBook-Pro.local" time="0.327">
  <properties/>
  <testcase name="hello가_리턴된다" classname="com.ys.springboot.web.HelloControllerTest" time="0.272"/>
  <testcase name="helloDto가_리턴된다" classname="com.ys.springboot.web.HelloControllerTest" time="0.054"/>
  <system-out><![CDATA[18:19:29.859 [Test worker] DEBUG org.springframework.test.context.junit4.SpringJUnit4ClassRunner - SpringJUnit4ClassRunner constructor called with [class com.ys.springboot.web.HelloControllerTest]
18:19:29.863 [Test worker] DEBUG org.springframework.test.context.BootstrapUtils - Instantiating CacheAwareContextLoaderDelegate from class [org.springframework.test.context.cache.DefaultCacheAwareContextLoaderDelegate]
18:19:29.868 [Test worker] DEBUG org.springframework.test.context.BootstrapUtils - Instantiating BootstrapContext using constructor [public org.springframework.test.context.support.DefaultBootstrapContext(java.lang.Class,org.springframework.test.context.CacheAwareContextLoaderDelegate)]
18:19:29.881 [Test worker] DEBUG org.springframework.test.context.BootstrapUtils - Instantiating TestContextBootstrapper for test class [com.ys.springboot.web.HelloControllerTest] from class [org.springframework.boot.test.autoconfigure.web.servlet.WebMvcTestContextBootstrapper]
18:19:29.895 [Test worker] INFO org.springframework.boot.test.autoconfigure.web.servlet.WebMvcTestContextBootstrapper - Neither @ContextConfiguration nor @ContextHierarchy found for test class [com.ys.springboot.web.HelloControllerTest], using SpringBootContextLoader
18:19:29.898 [Test worker] DEBUG org.springframework.test.context.support.AbstractContextLoader - Did not detect default resource location for test class [com.ys.springboot.web.HelloControllerTest]: class path resource [com/ys/springboot/web/HelloControllerTest-context.xml] does not exist
18:19:29.899 [Test worker] DEBUG org.springframework.test.context.support.AbstractContextLoader - Did not detect default resource location for test class [com.ys.springboot.web.HelloControllerTest]: class path resource [com/ys/springboot/web/HelloControllerTestContext.groovy] does not exist
18:19:29.899 [Test worker] INFO org.springframework.test.context.support.AbstractContextLoader - Could not detect default resource locations for test class [com.ys.springboot.web.HelloControllerTest]: no resource found for suffixes {-context.xml, Context.groovy}.
18:19:29.899 [Test worker] INFO org.springframework.test.context.support.AnnotationConfigContextLoaderUtils - Could not detect default configuration classes for test class [com.ys.springboot.web.HelloControllerTest]: HelloControllerTest does not declare any static, non-private, non-final, nested classes annotated with @Configuration.
18:19:29.956 [Test worker] DEBUG org.springframework.test.context.support.ActiveProfilesUtils - Could not find an 'annotation declaring class' for annotation type [org.springframework.test.context.ActiveProfiles] and class [com.ys.springboot.web.HelloControllerTest]
18:19:30.021 [Test worker] DEBUG org.springframework.context.annotation.ClassPathScanningCandidateComponentProvider - Identified candidate component class: file [/Users/ys/Files/GitHub/springboot-project/build/classes/java/main/com/ys/springboot/Application.class]
18:19:30.022 [Test worker] INFO org.springframework.boot.test.context.SpringBootTestContextBootstrapper - Found @SpringBootConfiguration com.ys.springboot.Application for test class com.ys.springboot.web.HelloControllerTest
18:19:30.024 [Test worker] DEBUG org.springframework.boot.test.autoconfigure.web.servlet.WebMvcTestContextBootstrapper - @TestExecutionListeners is not present for class [com.ys.springboot.web.HelloControllerTest]: using defaults.
18:19:30.024 [Test worker] INFO org.springframework.boot.test.autoconfigure.web.servlet.WebMvcTestContextBootstrapper - Loaded default TestExecutionListener class names from location [META-INF/spring.factories]: [org.springframework.security.test.context.support.WithSecurityContextTestExecutionListener, org.springframework.security.test.context.support.ReactorContextTestExecutionListener, org.springframework.boot.test.autoconfigure.restdocs.RestDocsTestExecutionListener, org.springframework.boot.test.autoconfigure.web.client.MockRestServiceServerResetTestExecutionListener, org.springframework.boot.test.autoconfigure.web.servlet.MockMvcPrintOnlyOnFailureTestExecutionListener, org.springframework.boot.test.autoconfigure.web.servlet.WebDriverTestExecutionListener, org.springframework.boot.test.mock.mockito.MockitoTestExecutionListener, org.springframework.boot.test.mock.mockito.ResetMocksTestExecutionListener, org.springframework.test.context.web.ServletTestExecutionListener, org.springframework.test.context.support.DirtiesContextBeforeModesTestExecutionListener, org.springframework.test.context.support.DependencyInjectionTestExecutionListener, org.springframework.test.context.support.DirtiesContextTestExecutionListener, org.springframework.test.context.transaction.TransactionalTestExecutionListener, org.springframework.test.context.jdbc.SqlScriptsTestExecutionListener]
18:19:30.040 [Test worker] INFO org.springframework.boot.test.autoconfigure.web.servlet.WebMvcTestContextBootstrapper - Using TestExecutionListeners: [org.springframework.test.context.web.ServletTestExecutionListener@274c0f53, org.springframework.test.context.support.DirtiesContextBeforeModesTestExecutionListener@908b3a2, org.springframework.boot.test.mock.mockito.MockitoTestExecutionListener@6a28ae31, org.springframework.boot.test.autoconfigure.SpringBootDependencyInjectionTestExecutionListener@5714400b, org.springframework.test.context.support.DirtiesContextTestExecutionListener@1065fb2d, org.springframework.test.context.transaction.TransactionalTestExecutionListener@5c3cdf20, org.springframework.test.context.jdbc.SqlScriptsTestExecutionListener@73caabb0, org.springframework.security.test.context.support.WithSecurityContextTestExecutionListener@6abb9da, org.springframework.security.test.context.support.ReactorContextTestExecutionListener@39a886b1, org.springframework.boot.test.autoconfigure.restdocs.RestDocsTestExecutionListener@3d79b7b, org.springframework.boot.test.autoconfigure.web.client.MockRestServiceServerResetTestExecutionListener@25e6379a, org.springframework.boot.test.autoconfigure.web.servlet.MockMvcPrintOnlyOnFailureTestExecutionListener@7e583f95, org.springframework.boot.test.autoconfigure.web.servlet.WebDriverTestExecutionListener@3b8b3e1, org.springframework.boot.test.mock.mockito.ResetMocksTestExecutionListener@3c8becae]
18:19:30.042 [Test worker] DEBUG org.springframework.test.annotation.ProfileValueUtils - Retrieved @ProfileValueSourceConfiguration [null] for test class [com.ys.springboot.web.HelloControllerTest]
18:19:30.042 [Test worker] DEBUG org.springframework.test.annotation.ProfileValueUtils - Retrieved ProfileValueSource type [class org.springframework.test.annotation.SystemProfileValueSource] for class [com.ys.springboot.web.HelloControllerTest]
18:19:30.043 [Test worker] DEBUG org.springframework.test.annotation.ProfileValueUtils - Retrieved @ProfileValueSourceConfiguration [null] for test class [com.ys.springboot.web.HelloControllerTest]
18:19:30.043 [Test worker] DEBUG org.springframework.test.annotation.ProfileValueUtils - Retrieved ProfileValueSource type [class org.springframework.test.annotation.SystemProfileValueSource] for class [com.ys.springboot.web.HelloControllerTest]
18:19:30.046 [Test worker] DEBUG org.springframework.test.context.support.AbstractDirtiesContextTestExecutionListener - Before test class: context [DefaultTestContext@49b23b34 testClass = HelloControllerTest, testInstance = [null], testMethod = [null], testException = [null], mergedContextConfiguration = [WebMergedContextConfiguration@2aba7897 testClass = HelloControllerTest, locations = '{}', classes = '{class com.ys.springboot.Application}', contextInitializerClasses = '[]', activeProfiles = '{}', propertySourceLocations = '{}', propertySourceProperties = '{org.springframework.boot.test.autoconfigure.web.servlet.WebMvcTestContextBootstrapper=true}', contextCustomizers = set[org.springframework.boot.test.autoconfigure.OverrideAutoConfigurationContextCustomizerFactory$DisableAutoConfigurationContextCustomizer@1617564a, org.springframework.boot.test.autoconfigure.filter.TypeExcludeFiltersContextCustomizer@d726f1d3, org.springframework.boot.test.autoconfigure.properties.PropertyMappingContextCustomizer@a62ad2d3, org.springframework.boot.test.autoconfigure.web.servlet.WebDriverContextCustomizerFactory$Customizer@1d16e01e, [ImportsContextCustomizer@27600436 key = [org.springframework.boot.autoconfigure.cache.CacheAutoConfiguration, org.springframework.boot.autoconfigure.context.MessageSourceAutoConfiguration, org.springframework.boot.autoconfigure.data.web.SpringDataWebAutoConfiguration, org.springframework.boot.autoconfigure.freemarker.FreeMarkerAutoConfiguration, org.springframework.boot.autoconfigure.groovy.template.GroovyTemplateAutoConfiguration, org.springframework.boot.autoconfigure.gson.GsonAutoConfiguration, org.springframework.boot.autoconfigure.hateoas.HypermediaAutoConfiguration, org.springframework.boot.autoconfigure.http.HttpMessageConvertersAutoConfiguration, org.springframework.boot.autoconfigure.jackson.JacksonAutoConfiguration, org.springframework.boot.autoconfigure.jsonb.JsonbAutoConfiguration, org.springframework.boot.autoconfigure.mustache.MustacheAutoConfiguration, org.springframework.boot.autoconfigure.task.TaskExecutionAutoConfiguration, org.springframework.boot.autoconfigure.thymeleaf.ThymeleafAutoConfiguration, org.springframework.boot.autoconfigure.validation.ValidationAutoConfiguration, org.springframework.boot.autoconfigure.web.servlet.error.ErrorMvcAutoConfiguration, org.springframework.boot.autoconfigure.web.servlet.WebMvcAutoConfiguration, org.springframework.boot.test.autoconfigure.web.servlet.MockMvcAutoConfiguration, org.springframework.boot.test.autoconfigure.web.servlet.MockMvcSecurityAutoConfiguration, org.springframework.boot.test.autoconfigure.web.servlet.MockMvcWebClientAutoConfiguration, org.springframework.boot.test.autoconfigure.web.servlet.MockMvcWebDriverAutoConfiguration]], org.springframework.boot.test.context.filter.ExcludeFilterContextCustomizer@58c0cecb, org.springframework.boot.test.json.DuplicateJsonObjectContextCustomizerFactory$DuplicateJsonObjectContextCustomizer@155395d3, org.springframework.boot.test.mock.mockito.MockitoContextCustomizer@0], resourceBasePath = 'src/main/webapp', contextLoader = 'org.springframework.boot.test.context.SpringBootContextLoader', parent = [null]], attributes = map[[empty]]], class annotated with @DirtiesContext [false] with mode [null].
18:19:30.047 [Test worker] DEBUG org.springframework.test.annotation.ProfileValueUtils - Retrieved @ProfileValueSourceConfiguration [null] for test class [com.ys.springboot.web.HelloControllerTest]
18:19:30.047 [Test worker] DEBUG org.springframework.test.annotation.ProfileValueUtils - Retrieved ProfileValueSource type [class org.springframework.test.annotation.SystemProfileValueSource] for class [com.ys.springboot.web.HelloControllerTest]
18:19:30.050 [Test worker] DEBUG org.springframework.test.context.support.DependencyInjectionTestExecutionListener - Performing dependency injection for test context [[DefaultTestContext@49b23b34 testClass = HelloControllerTest, testInstance = com.ys.springboot.web.HelloControllerTest@761a184d, testMethod = [null], testException = [null], mergedContextConfiguration = [WebMergedContextConfiguration@2aba7897 testClass = HelloControllerTest, locations = '{}', classes = '{class com.ys.springboot.Application}', contextInitializerClasses = '[]', activeProfiles = '{}', propertySourceLocations = '{}', propertySourceProperties = '{org.springframework.boot.test.autoconfigure.web.servlet.WebMvcTestContextBootstrapper=true}', contextCustomizers = set[org.springframework.boot.test.autoconfigure.OverrideAutoConfigurationContextCustomizerFactory$DisableAutoConfigurationContextCustomizer@1617564a, org.springframework.boot.test.autoconfigure.filter.TypeExcludeFiltersContextCustomizer@d726f1d3, org.springframework.boot.test.autoconfigure.properties.PropertyMappingContextCustomizer@a62ad2d3, org.springframework.boot.test.autoconfigure.web.servlet.WebDriverContextCustomizerFactory$Customizer@1d16e01e, [ImportsContextCustomizer@27600436 key = [org.springframework.boot.autoconfigure.cache.CacheAutoConfiguration, org.springframework.boot.autoconfigure.context.MessageSourceAutoConfiguration, org.springframework.boot.autoconfigure.data.web.SpringDataWebAutoConfiguration, org.springframework.boot.autoconfigure.freemarker.FreeMarkerAutoConfiguration, org.springframework.boot.autoconfigure.groovy.template.GroovyTemplateAutoConfiguration, org.springframework.boot.autoconfigure.gson.GsonAutoConfiguration, org.springframework.boot.autoconfigure.hateoas.HypermediaAutoConfiguration, org.springframework.boot.autoconfigure.http.HttpMessageConvertersAutoConfiguration, org.springframework.boot.autoconfigure.jackson.JacksonAutoConfiguration, org.springframework.boot.autoconfigure.jsonb.JsonbAutoConfiguration, org.springframework.boot.autoconfigure.mustache.MustacheAutoConfiguration, org.springframework.boot.autoconfigure.task.TaskExecutionAutoConfiguration, org.springframework.boot.autoconfigure.thymeleaf.ThymeleafAutoConfiguration, org.springframework.boot.autoconfigure.validation.ValidationAutoConfiguration, org.springframework.boot.autoconfigure.web.servlet.error.ErrorMvcAutoConfiguration, org.springframework.boot.autoconfigure.web.servlet.WebMvcAutoConfiguration, org.springframework.boot.test.autoconfigure.web.servlet.MockMvcAutoConfiguration, org.springframework.boot.test.autoconfigure.web.servlet.MockMvcSecurityAutoConfiguration, org.springframework.boot.test.autoconfigure.web.servlet.MockMvcWebClientAutoConfiguration, org.springframework.boot.test.autoconfigure.web.servlet.MockMvcWebDriverAutoConfiguration]], org.springframework.boot.test.context.filter.ExcludeFilterContextCustomizer@58c0cecb, org.springframework.boot.test.json.DuplicateJsonObjectContextCustomizerFactory$DuplicateJsonObjectContextCustomizer@155395d3, org.springframework.boot.test.mock.mockito.MockitoContextCustomizer@0], resourceBasePath = 'src/main/webapp', contextLoader = 'org.springframework.boot.test.context.SpringBootContextLoader', parent = [null]], attributes = map[[empty]]]].
18:19:30.138 [Test worker] DEBUG org.springframework.test.context.support.TestPropertySourceUtils - Adding inlined properties to environment: {spring.jmx.enabled=false, org.springframework.boot.test.autoconfigure.web.servlet.WebMvcTestContextBootstrapper=true, server.port=-1}

  .   ____          _            __ _ _
 /\\ / ___'_ __ _ _(_)_ __  __ _ \ \ \ \
( ( )\___ | '_ | '_| | '_ \/ _` | \ \ \ \
 \\/  ___)| |_)| | | | | || (_| |  ) ) ) )
  '  |____| .__|_| |_|_| |_\__, | / / / /
 =========|_|==============|___/=/_/_/_/
 :: Spring Boot ::        (v2.1.7.RELEASE)

2021-03-22 18:19:30.354  INFO 2715 --- [    Test worker] c.ys.springboot.web.HelloControllerTest  : Starting HelloControllerTest on YS-MacBook-Pro.local with PID 2715 (started by ys in /Users/ys/Files/GitHub/springboot-project)
2021-03-22 18:19:30.357  INFO 2715 --- [    Test worker] c.ys.springboot.web.HelloControllerTest  : No active profile set, falling back to default profiles: default
2021-03-22 18:19:31.361  INFO 2715 --- [    Test worker] o.s.s.concurrent.ThreadPoolTaskExecutor  : Initializing ExecutorService 'applicationTaskExecutor'
2021-03-22 18:19:31.451  INFO 2715 --- [    Test worker] o.s.b.a.w.s.WelcomePageHandlerMapping    : Adding welcome page template: index
2021-03-22 18:19:31.730  INFO 2715 --- [    Test worker] .s.s.UserDetailsServiceAutoConfiguration : 

Using generated security password: 7d631994-00ff-4fdf-9b6b-5c6ed8551b21

2021-03-22 18:19:31.882  INFO 2715 --- [    Test worker] o.s.s.web.DefaultSecurityFilterChain     : Creating filter chain: any request, [org.springframework.security.web.context.request.async.WebAsyncManagerIntegrationFilter@622eb441, org.springframework.security.web.context.SecurityContextPersistenceFilter@1145b492, org.springframework.security.web.header.HeaderWriterFilter@2409f22e, org.springframework.security.web.csrf.CsrfFilter@656c42d5, org.springframework.security.web.authentication.logout.LogoutFilter@5d456f6c, org.springframework.security.web.authentication.UsernamePasswordAuthenticationFilter@5295ffec, org.springframework.security.web.authentication.ui.DefaultLoginPageGeneratingFilter@5203f63a, org.springframework.security.web.authentication.ui.DefaultLogoutPageGeneratingFilter@34c03c44, org.springframework.security.web.authentication.www.BasicAuthenticationFilter@76155d84, org.springframework.security.web.savedrequest.RequestCacheAwareFilter@7729abe, org.springframework.security.web.servletapi.SecurityContextHolderAwareRequestFilter@d34f19e, org.springframework.security.web.authentication.AnonymousAuthenticationFilter@1254b16b, org.springframework.security.web.session.SessionManagementFilter@67a13539, org.springframework.security.web.access.ExceptionTranslationFilter@11f4b5d9, org.springframework.security.web.access.intercept.FilterSecurityInterceptor@34571d4c]
2021-03-22 18:19:31.913  INFO 2715 --- [    Test worker] o.s.b.t.m.w.SpringBootMockServletContext : Initializing Spring TestDispatcherServlet ''
2021-03-22 18:19:31.913  INFO 2715 --- [    Test worker] o.s.t.web.servlet.TestDispatcherServlet  : Initializing Servlet ''
2021-03-22 18:19:31.924  INFO 2715 --- [    Test worker] o.s.t.web.servlet.TestDispatcherServlet  : Completed initialization in 11 ms
2021-03-22 18:19:31.961  INFO 2715 --- [    Test worker] c.ys.springboot.web.HelloControllerTest  : Started HelloControllerTest in 1.813 seconds (JVM running for 2.6)
]]></system-out>
  <system-err><![CDATA[]]></system-err>
</testsuite>
