<?xml version="1.0" encoding="UTF-8"?>
<testsuite name="com.ys.springboot.web.IndexControllerTest" tests="1" skipped="0" failures="0" errors="0" timestamp="2021-03-21T09:34:59" hostname="YS-MacBook-Pro.local" time="0.202">
  <properties/>
  <testcase name="메인페이지_로딩" classname="com.ys.springboot.web.IndexControllerTest" time="0.202"/>
  <system-out><![CDATA[2021-03-21 18:34:55.804  INFO 2188 --- [    Test worker] .b.t.c.SpringBootTestContextBootstrapper : Neither @ContextConfiguration nor @ContextHierarchy found for test class [com.ys.springboot.web.IndexControllerTest], using SpringBootContextLoader
2021-03-21 18:34:55.806  INFO 2188 --- [    Test worker] o.s.t.c.support.AbstractContextLoader    : Could not detect default resource locations for test class [com.ys.springboot.web.IndexControllerTest]: no resource found for suffixes {-context.xml, Context.groovy}.
2021-03-21 18:34:55.806  INFO 2188 --- [    Test worker] t.c.s.AnnotationConfigContextLoaderUtils : Could not detect default configuration classes for test class [com.ys.springboot.web.IndexControllerTest]: IndexControllerTest does not declare any static, non-private, non-final, nested classes annotated with @Configuration.
2021-03-21 18:34:55.808  INFO 2188 --- [    Test worker] .b.t.c.SpringBootTestContextBootstrapper : Found @SpringBootConfiguration com.ys.springboot.Application for test class com.ys.springboot.web.IndexControllerTest
2021-03-21 18:34:55.809  INFO 2188 --- [    Test worker] .b.t.c.SpringBootTestContextBootstrapper : Loaded default TestExecutionListener class names from location [META-INF/spring.factories]: [org.springframework.security.test.context.support.WithSecurityContextTestExecutionListener, org.springframework.security.test.context.support.ReactorContextTestExecutionListener, org.springframework.boot.test.autoconfigure.restdocs.RestDocsTestExecutionListener, org.springframework.boot.test.autoconfigure.web.client.MockRestServiceServerResetTestExecutionListener, org.springframework.boot.test.autoconfigure.web.servlet.MockMvcPrintOnlyOnFailureTestExecutionListener, org.springframework.boot.test.autoconfigure.web.servlet.WebDriverTestExecutionListener, org.springframework.boot.test.mock.mockito.MockitoTestExecutionListener, org.springframework.boot.test.mock.mockito.ResetMocksTestExecutionListener, org.springframework.test.context.web.ServletTestExecutionListener, org.springframework.test.context.support.DirtiesContextBeforeModesTestExecutionListener, org.springframework.test.context.support.DependencyInjectionTestExecutionListener, org.springframework.test.context.support.DirtiesContextTestExecutionListener, org.springframework.test.context.transaction.TransactionalTestExecutionListener, org.springframework.test.context.jdbc.SqlScriptsTestExecutionListener]
2021-03-21 18:34:55.810  INFO 2188 --- [    Test worker] .b.t.c.SpringBootTestContextBootstrapper : Using TestExecutionListeners: [org.springframework.test.context.web.ServletTestExecutionListener@7ad5a7a5, org.springframework.test.context.support.DirtiesContextBeforeModesTestExecutionListener@5a7ad193, org.springframework.boot.test.mock.mockito.MockitoTestExecutionListener@64bb6dea, org.springframework.boot.test.autoconfigure.SpringBootDependencyInjectionTestExecutionListener@520f7da5, org.springframework.test.context.support.DirtiesContextTestExecutionListener@5b010ce, org.springframework.test.context.transaction.TransactionalTestExecutionListener@9caafa2, org.springframework.test.context.jdbc.SqlScriptsTestExecutionListener@36a1574c, org.springframework.security.test.context.support.WithSecurityContextTestExecutionListener@1f6ae668, org.springframework.security.test.context.support.ReactorContextTestExecutionListener@1ad9b32b, org.springframework.boot.test.autoconfigure.restdocs.RestDocsTestExecutionListener@46b2a86d, org.springframework.boot.test.autoconfigure.web.client.MockRestServiceServerResetTestExecutionListener@7a958cc0, org.springframework.boot.test.autoconfigure.web.servlet.MockMvcPrintOnlyOnFailureTestExecutionListener@32847c5c, org.springframework.boot.test.autoconfigure.web.servlet.WebDriverTestExecutionListener@6593d1cc, org.springframework.boot.test.mock.mockito.ResetMocksTestExecutionListener@36b1ecd3]

  .   ____          _            __ _ _
 /\\ / ___'_ __ _ _(_)_ __  __ _ \ \ \ \
( ( )\___ | '_ | '_| | '_ \/ _` | \ \ \ \
 \\/  ___)| |_)| | | | | || (_| |  ) ) ) )
  '  |____| .__|_| |_|_| |_\__, | / / / /
 =========|_|==============|___/=/_/_/_/
 :: Spring Boot ::        (v2.1.7.RELEASE)

2021-03-21 18:34:55.839  INFO 2188 --- [    Test worker] c.ys.springboot.web.IndexControllerTest  : Starting IndexControllerTest on YS-MacBook-Pro.local with PID 2188 (started by ys in /Users/ys/Files/GitHub/springboot-project)
2021-03-21 18:34:55.841  INFO 2188 --- [    Test worker] c.ys.springboot.web.IndexControllerTest  : No active profile set, falling back to default profiles: default
2021-03-21 18:34:56.176  INFO 2188 --- [    Test worker] .s.d.r.c.RepositoryConfigurationDelegate : Bootstrapping Spring Data repositories in DEFAULT mode.
2021-03-21 18:34:56.237  INFO 2188 --- [    Test worker] .s.d.r.c.RepositoryConfigurationDelegate : Finished Spring Data repository scanning in 55ms. Found 2 repository interfaces.
2021-03-21 18:34:56.501  INFO 2188 --- [    Test worker] trationDelegate$BeanPostProcessorChecker : Bean 'org.springframework.transaction.annotation.ProxyTransactionManagementConfiguration' of type [org.springframework.transaction.annotation.ProxyTransactionManagementConfiguration$$EnhancerBySpringCGLIB$$f923ad93] is not eligible for getting processed by all BeanPostProcessors (for example: not eligible for auto-proxying)
2021-03-21 18:34:56.814  INFO 2188 --- [    Test worker] o.s.b.w.embedded.tomcat.TomcatWebServer  : Tomcat initialized with port(s): 0 (http)
2021-03-21 18:34:56.841  INFO 2188 --- [    Test worker] o.apache.catalina.core.StandardService   : Starting service [Tomcat]
2021-03-21 18:34:56.842  INFO 2188 --- [    Test worker] org.apache.catalina.core.StandardEngine  : Starting Servlet engine: [Apache Tomcat/9.0.22]
2021-03-21 18:34:56.973  INFO 2188 --- [    Test worker] o.a.c.c.C.[Tomcat].[localhost].[/]       : Initializing Spring embedded WebApplicationContext
2021-03-21 18:34:56.974  INFO 2188 --- [    Test worker] o.s.web.context.ContextLoader            : Root WebApplicationContext: initialization completed in 1130 ms
2021-03-21 18:34:57.224  INFO 2188 --- [    Test worker] com.zaxxer.hikari.HikariDataSource       : HikariPool-1 - Starting...
2021-03-21 18:34:57.410  INFO 2188 --- [    Test worker] com.zaxxer.hikari.HikariDataSource       : HikariPool-1 - Start completed.
2021-03-21 18:34:57.502  INFO 2188 --- [    Test worker] o.hibernate.jpa.internal.util.LogHelper  : HHH000204: Processing PersistenceUnitInfo [
	name: default
	...]
2021-03-21 18:34:57.570  INFO 2188 --- [    Test worker] org.hibernate.Version                    : HHH000412: Hibernate Core {5.3.10.Final}
2021-03-21 18:34:57.572  INFO 2188 --- [    Test worker] org.hibernate.cfg.Environment            : HHH000206: hibernate.properties not found
2021-03-21 18:34:57.622  INFO 2188 --- [    Test worker] o.hibernate.annotations.common.Version   : HCANN000001: Hibernate Commons Annotations {5.0.4.Final}
2021-03-21 18:34:57.760  INFO 2188 --- [    Test worker] org.hibernate.dialect.Dialect            : HHH000400: Using dialect: org.hibernate.dialect.MySQL5InnoDBDialect
Hibernate: drop table if exists posts
Hibernate: drop table if exists user
Hibernate: create table posts (id bigint not null auto_increment, created_date datetime, modified_date datetime, author varchar(255), content TEXT not null, title varchar(500) not null, primary key (id)) engine=InnoDB
Hibernate: create table user (id bigint not null auto_increment, created_date datetime, modified_date datetime, email varchar(255) not null, name varchar(255) not null, picture varchar(255), role varchar(255) not null, primary key (id)) engine=InnoDB
2021-03-21 18:34:58.340  INFO 2188 --- [    Test worker] o.h.t.schema.internal.SchemaCreatorImpl  : HHH000476: Executing import script 'org.hibernate.tool.schema.internal.exec.ScriptSourceInputNonExistentImpl@22a9940f'
2021-03-21 18:34:58.343  INFO 2188 --- [    Test worker] j.LocalContainerEntityManagerFactoryBean : Initialized JPA EntityManagerFactory for persistence unit 'default'
2021-03-21 18:34:58.947  INFO 2188 --- [    Test worker] o.h.h.i.QueryTranslatorFactoryInitiator  : HHH000397: Using ASTQueryTranslatorFactory
2021-03-21 18:34:59.219  INFO 2188 --- [    Test worker] o.s.s.web.DefaultSecurityFilterChain     : Creating filter chain: any request, [org.springframework.security.web.context.request.async.WebAsyncManagerIntegrationFilter@20dc39b9, org.springframework.security.web.context.SecurityContextPersistenceFilter@2a26aa77, org.springframework.security.web.header.HeaderWriterFilter@66d6633a, org.springframework.security.web.authentication.logout.LogoutFilter@603d95ec, org.springframework.security.oauth2.client.web.OAuth2AuthorizationRequestRedirectFilter@121eb939, org.springframework.security.oauth2.client.web.OAuth2LoginAuthenticationFilter@18bd7510, org.springframework.security.web.authentication.ui.DefaultLoginPageGeneratingFilter@7fd7ed73, org.springframework.security.web.authentication.ui.DefaultLogoutPageGeneratingFilter@7a83ab1c, org.springframework.security.web.savedrequest.RequestCacheAwareFilter@c218d19, org.springframework.security.web.servletapi.SecurityContextHolderAwareRequestFilter@59bbf014, org.springframework.security.web.authentication.AnonymousAuthenticationFilter@4b14342c, org.springframework.security.web.session.SessionManagementFilter@532ebc8c, org.springframework.security.web.access.ExceptionTranslationFilter@447c5bb9, org.springframework.security.web.access.intercept.FilterSecurityInterceptor@381f3ae5]
2021-03-21 18:34:59.367  INFO 2188 --- [    Test worker] o.s.s.concurrent.ThreadPoolTaskExecutor  : Initializing ExecutorService 'applicationTaskExecutor'
2021-03-21 18:34:59.380  WARN 2188 --- [    Test worker] aWebConfiguration$JpaWebMvcConfiguration : spring.jpa.open-in-view is enabled by default. Therefore, database queries may be performed during view rendering. Explicitly configure spring.jpa.open-in-view to disable this warning
2021-03-21 18:34:59.410  INFO 2188 --- [    Test worker] o.s.b.a.w.s.WelcomePageHandlerMapping    : Adding welcome page template: index
2021-03-21 18:34:59.664  INFO 2188 --- [    Test worker] s.a.ScheduledAnnotationBeanPostProcessor : No TaskScheduler/ScheduledExecutorService bean found for scheduled processing
2021-03-21 18:34:59.687  INFO 2188 --- [    Test worker] o.s.b.w.embedded.tomcat.TomcatWebServer  : Tomcat started on port(s): 56843 (http) with context path ''
2021-03-21 18:34:59.688  INFO 2188 --- [    Test worker] c.ys.springboot.web.IndexControllerTest  : Started IndexControllerTest in 3.876 seconds (JVM running for 7.492)
2021-03-21 18:34:59.776  INFO 2188 --- [o-auto-1-exec-1] o.a.c.c.C.[Tomcat].[localhost].[/]       : Initializing Spring DispatcherServlet 'dispatcherServlet'
2021-03-21 18:34:59.776  INFO 2188 --- [o-auto-1-exec-1] o.s.web.servlet.DispatcherServlet        : Initializing Servlet 'dispatcherServlet'
2021-03-21 18:34:59.791  INFO 2188 --- [o-auto-1-exec-1] o.s.web.servlet.DispatcherServlet        : Completed initialization in 14 ms
Hibernate: select posts0_.id as id1_0_, posts0_.created_date as created_2_0_, posts0_.modified_date as modified3_0_, posts0_.author as author4_0_, posts0_.content as content5_0_, posts0_.title as title6_0_ from posts posts0_ order by posts0_.id DESC
]]></system-out>
  <system-err><![CDATA[]]></system-err>
</testsuite>
