<?xml version="1.0" encoding="UTF-8"?>
<testsuite name="com.ys.springboot.web.IndexControllerTest" tests="1" skipped="0" failures="0" errors="0" timestamp="2021-03-22T09:19:35" hostname="YS-MacBook-Pro.local" time="0.183">
  <properties/>
  <testcase name="메인페이지_로딩" classname="com.ys.springboot.web.IndexControllerTest" time="0.183"/>
  <system-out><![CDATA[2021-03-22 18:19:32.298  INFO 2715 --- [    Test worker] .b.t.c.SpringBootTestContextBootstrapper : Neither @ContextConfiguration nor @ContextHierarchy found for test class [com.ys.springboot.web.IndexControllerTest], using SpringBootContextLoader
2021-03-22 18:19:32.299  INFO 2715 --- [    Test worker] o.s.t.c.support.AbstractContextLoader    : Could not detect default resource locations for test class [com.ys.springboot.web.IndexControllerTest]: no resource found for suffixes {-context.xml, Context.groovy}.
2021-03-22 18:19:32.299  INFO 2715 --- [    Test worker] t.c.s.AnnotationConfigContextLoaderUtils : Could not detect default configuration classes for test class [com.ys.springboot.web.IndexControllerTest]: IndexControllerTest does not declare any static, non-private, non-final, nested classes annotated with @Configuration.
2021-03-22 18:19:32.301  INFO 2715 --- [    Test worker] .b.t.c.SpringBootTestContextBootstrapper : Found @SpringBootConfiguration com.ys.springboot.Application for test class com.ys.springboot.web.IndexControllerTest
2021-03-22 18:19:32.302  INFO 2715 --- [    Test worker] .b.t.c.SpringBootTestContextBootstrapper : Loaded default TestExecutionListener class names from location [META-INF/spring.factories]: [org.springframework.security.test.context.support.WithSecurityContextTestExecutionListener, org.springframework.security.test.context.support.ReactorContextTestExecutionListener, org.springframework.boot.test.autoconfigure.restdocs.RestDocsTestExecutionListener, org.springframework.boot.test.autoconfigure.web.client.MockRestServiceServerResetTestExecutionListener, org.springframework.boot.test.autoconfigure.web.servlet.MockMvcPrintOnlyOnFailureTestExecutionListener, org.springframework.boot.test.autoconfigure.web.servlet.WebDriverTestExecutionListener, org.springframework.boot.test.mock.mockito.MockitoTestExecutionListener, org.springframework.boot.test.mock.mockito.ResetMocksTestExecutionListener, org.springframework.test.context.web.ServletTestExecutionListener, org.springframework.test.context.support.DirtiesContextBeforeModesTestExecutionListener, org.springframework.test.context.support.DependencyInjectionTestExecutionListener, org.springframework.test.context.support.DirtiesContextTestExecutionListener, org.springframework.test.context.transaction.TransactionalTestExecutionListener, org.springframework.test.context.jdbc.SqlScriptsTestExecutionListener]
2021-03-22 18:19:32.303  INFO 2715 --- [    Test worker] .b.t.c.SpringBootTestContextBootstrapper : Using TestExecutionListeners: [org.springframework.test.context.web.ServletTestExecutionListener@5acdbe01, org.springframework.test.context.support.DirtiesContextBeforeModesTestExecutionListener@327df0a2, org.springframework.boot.test.mock.mockito.MockitoTestExecutionListener@33ed5726, org.springframework.boot.test.autoconfigure.SpringBootDependencyInjectionTestExecutionListener@59c62749, org.springframework.test.context.support.DirtiesContextTestExecutionListener@6eccb7c6, org.springframework.test.context.transaction.TransactionalTestExecutionListener@33e9b25d, org.springframework.test.context.jdbc.SqlScriptsTestExecutionListener@6a648761, org.springframework.security.test.context.support.WithSecurityContextTestExecutionListener@270090b, org.springframework.security.test.context.support.ReactorContextTestExecutionListener@989fc04, org.springframework.boot.test.autoconfigure.restdocs.RestDocsTestExecutionListener@778ccc32, org.springframework.boot.test.autoconfigure.web.client.MockRestServiceServerResetTestExecutionListener@391d022d, org.springframework.boot.test.autoconfigure.web.servlet.MockMvcPrintOnlyOnFailureTestExecutionListener@3ba76c54, org.springframework.boot.test.autoconfigure.web.servlet.WebDriverTestExecutionListener@7d08cef8, org.springframework.boot.test.mock.mockito.ResetMocksTestExecutionListener@6c747037]

  .   ____          _            __ _ _
 /\\ / ___'_ __ _ _(_)_ __  __ _ \ \ \ \
( ( )\___ | '_ | '_| | '_ \/ _` | \ \ \ \
 \\/  ___)| |_)| | | | | || (_| |  ) ) ) )
  '  |____| .__|_| |_|_| |_\__, | / / / /
 =========|_|==============|___/=/_/_/_/
 :: Spring Boot ::        (v2.1.7.RELEASE)

2021-03-22 18:19:32.322  INFO 2715 --- [    Test worker] c.ys.springboot.web.IndexControllerTest  : Starting IndexControllerTest on YS-MacBook-Pro.local with PID 2715 (started by ys in /Users/ys/Files/GitHub/springboot-project)
2021-03-22 18:19:32.322  INFO 2715 --- [    Test worker] c.ys.springboot.web.IndexControllerTest  : No active profile set, falling back to default profiles: default
2021-03-22 18:19:32.598  INFO 2715 --- [    Test worker] .s.d.r.c.RepositoryConfigurationDelegate : Bootstrapping Spring Data repositories in DEFAULT mode.
2021-03-22 18:19:32.654  INFO 2715 --- [    Test worker] .s.d.r.c.RepositoryConfigurationDelegate : Finished Spring Data repository scanning in 48ms. Found 2 repository interfaces.
2021-03-22 18:19:32.874  INFO 2715 --- [    Test worker] trationDelegate$BeanPostProcessorChecker : Bean 'org.springframework.transaction.annotation.ProxyTransactionManagementConfiguration' of type [org.springframework.transaction.annotation.ProxyTransactionManagementConfiguration$$EnhancerBySpringCGLIB$$31a52a82] is not eligible for getting processed by all BeanPostProcessors (for example: not eligible for auto-proxying)
2021-03-22 18:19:33.121  INFO 2715 --- [    Test worker] o.s.b.w.embedded.tomcat.TomcatWebServer  : Tomcat initialized with port(s): 0 (http)
2021-03-22 18:19:33.147  INFO 2715 --- [    Test worker] o.apache.catalina.core.StandardService   : Starting service [Tomcat]
2021-03-22 18:19:33.147  INFO 2715 --- [    Test worker] org.apache.catalina.core.StandardEngine  : Starting Servlet engine: [Apache Tomcat/9.0.22]
2021-03-22 18:19:33.273  INFO 2715 --- [    Test worker] o.a.c.c.C.[Tomcat].[localhost].[/]       : Initializing Spring embedded WebApplicationContext
2021-03-22 18:19:33.273  INFO 2715 --- [    Test worker] o.s.web.context.ContextLoader            : Root WebApplicationContext: initialization completed in 949 ms
2021-03-22 18:19:33.498  INFO 2715 --- [    Test worker] com.zaxxer.hikari.HikariDataSource       : HikariPool-1 - Starting...
2021-03-22 18:19:33.657  INFO 2715 --- [    Test worker] com.zaxxer.hikari.HikariDataSource       : HikariPool-1 - Start completed.
2021-03-22 18:19:33.744  INFO 2715 --- [    Test worker] o.hibernate.jpa.internal.util.LogHelper  : HHH000204: Processing PersistenceUnitInfo [
	name: default
	...]
2021-03-22 18:19:33.805  INFO 2715 --- [    Test worker] org.hibernate.Version                    : HHH000412: Hibernate Core {5.3.10.Final}
2021-03-22 18:19:33.807  INFO 2715 --- [    Test worker] org.hibernate.cfg.Environment            : HHH000206: hibernate.properties not found
2021-03-22 18:19:33.854  INFO 2715 --- [    Test worker] o.hibernate.annotations.common.Version   : HCANN000001: Hibernate Commons Annotations {5.0.4.Final}
2021-03-22 18:19:33.985  INFO 2715 --- [    Test worker] org.hibernate.dialect.Dialect            : HHH000400: Using dialect: org.hibernate.dialect.MySQL5InnoDBDialect
Hibernate: drop table if exists posts
Hibernate: drop table if exists user
Hibernate: create table posts (id bigint not null auto_increment, created_date datetime, modified_date datetime, author varchar(255), content TEXT not null, title varchar(500) not null, primary key (id)) engine=InnoDB
Hibernate: create table user (id bigint not null auto_increment, created_date datetime, modified_date datetime, email varchar(255) not null, name varchar(255) not null, picture varchar(255), role varchar(255) not null, primary key (id)) engine=InnoDB
2021-03-22 18:19:34.588  INFO 2715 --- [    Test worker] o.h.t.schema.internal.SchemaCreatorImpl  : HHH000476: Executing import script 'org.hibernate.tool.schema.internal.exec.ScriptSourceInputNonExistentImpl@1b49be68'
2021-03-22 18:19:34.592  INFO 2715 --- [    Test worker] j.LocalContainerEntityManagerFactoryBean : Initialized JPA EntityManagerFactory for persistence unit 'default'
2021-03-22 18:19:35.141  INFO 2715 --- [    Test worker] o.h.h.i.QueryTranslatorFactoryInitiator  : HHH000397: Using ASTQueryTranslatorFactory
2021-03-22 18:19:35.364  INFO 2715 --- [    Test worker] o.s.s.web.DefaultSecurityFilterChain     : Creating filter chain: any request, [org.springframework.security.web.context.request.async.WebAsyncManagerIntegrationFilter@14641155, org.springframework.security.web.context.SecurityContextPersistenceFilter@251c620e, org.springframework.security.web.header.HeaderWriterFilter@204317fb, org.springframework.security.web.authentication.logout.LogoutFilter@1fd568c0, org.springframework.security.oauth2.client.web.OAuth2AuthorizationRequestRedirectFilter@666c1213, org.springframework.security.oauth2.client.web.OAuth2LoginAuthenticationFilter@1e9c00a, org.springframework.security.web.authentication.ui.DefaultLoginPageGeneratingFilter@591f6dff, org.springframework.security.web.authentication.ui.DefaultLogoutPageGeneratingFilter@54eb282d, org.springframework.security.web.savedrequest.RequestCacheAwareFilter@2cab7756, org.springframework.security.web.servletapi.SecurityContextHolderAwareRequestFilter@14ef51f7, org.springframework.security.web.authentication.AnonymousAuthenticationFilter@47709b76, org.springframework.security.web.session.SessionManagementFilter@40a1b396, org.springframework.security.web.access.ExceptionTranslationFilter@d408fd4, org.springframework.security.web.access.intercept.FilterSecurityInterceptor@3f7676d9]
2021-03-22 18:19:35.518  INFO 2715 --- [    Test worker] o.s.s.concurrent.ThreadPoolTaskExecutor  : Initializing ExecutorService 'applicationTaskExecutor'
2021-03-22 18:19:35.533  WARN 2715 --- [    Test worker] aWebConfiguration$JpaWebMvcConfiguration : spring.jpa.open-in-view is enabled by default. Therefore, database queries may be performed during view rendering. Explicitly configure spring.jpa.open-in-view to disable this warning
2021-03-22 18:19:35.561  INFO 2715 --- [    Test worker] o.s.b.a.w.s.WelcomePageHandlerMapping    : Adding welcome page template: index
2021-03-22 18:19:35.815  INFO 2715 --- [    Test worker] s.a.ScheduledAnnotationBeanPostProcessor : No TaskScheduler/ScheduledExecutorService bean found for scheduled processing
2021-03-22 18:19:35.842  INFO 2715 --- [    Test worker] o.s.b.w.embedded.tomcat.TomcatWebServer  : Tomcat started on port(s): 52174 (http) with context path ''
2021-03-22 18:19:35.843  INFO 2715 --- [    Test worker] c.ys.springboot.web.IndexControllerTest  : Started IndexControllerTest in 3.538 seconds (JVM running for 6.481)
2021-03-22 18:19:35.931  INFO 2715 --- [o-auto-1-exec-1] o.a.c.c.C.[Tomcat].[localhost].[/]       : Initializing Spring DispatcherServlet 'dispatcherServlet'
2021-03-22 18:19:35.931  INFO 2715 --- [o-auto-1-exec-1] o.s.web.servlet.DispatcherServlet        : Initializing Servlet 'dispatcherServlet'
2021-03-22 18:19:35.944  INFO 2715 --- [o-auto-1-exec-1] o.s.web.servlet.DispatcherServlet        : Completed initialization in 13 ms
Hibernate: select posts0_.id as id1_0_, posts0_.created_date as created_2_0_, posts0_.modified_date as modified3_0_, posts0_.author as author4_0_, posts0_.content as content5_0_, posts0_.title as title6_0_ from posts posts0_ order by posts0_.id DESC
]]></system-out>
  <system-err><![CDATA[]]></system-err>
</testsuite>
