<?xml version="1.0" encoding="UTF-8"?>
<testsuite name="com.ys.springboot.domain.posts.PostsRepositoryTest" tests="2" skipped="0" failures="0" errors="0" timestamp="2021-03-22T09:19:37" hostname="YS-MacBook-Pro.local" time="0.026">
  <properties/>
  <testcase name="게시글저장_불러오기" classname="com.ys.springboot.domain.posts.PostsRepositoryTest" time="0.016"/>
  <testcase name="BaseTimeEntity_등록" classname="com.ys.springboot.domain.posts.PostsRepositoryTest" time="0.009"/>
  <system-out><![CDATA[2021-03-22 18:19:36.227  INFO 2715 --- [    Test worker] .b.t.c.SpringBootTestContextBootstrapper : Neither @ContextConfiguration nor @ContextHierarchy found for test class [com.ys.springboot.domain.posts.PostsRepositoryTest], using SpringBootContextLoader
2021-03-22 18:19:36.228  INFO 2715 --- [    Test worker] o.s.t.c.support.AbstractContextLoader    : Could not detect default resource locations for test class [com.ys.springboot.domain.posts.PostsRepositoryTest]: no resource found for suffixes {-context.xml, Context.groovy}.
2021-03-22 18:19:36.228  INFO 2715 --- [    Test worker] t.c.s.AnnotationConfigContextLoaderUtils : Could not detect default configuration classes for test class [com.ys.springboot.domain.posts.PostsRepositoryTest]: PostsRepositoryTest does not declare any static, non-private, non-final, nested classes annotated with @Configuration.
2021-03-22 18:19:36.234  INFO 2715 --- [    Test worker] .b.t.c.SpringBootTestContextBootstrapper : Found @SpringBootConfiguration com.ys.springboot.Application for test class com.ys.springboot.domain.posts.PostsRepositoryTest
2021-03-22 18:19:36.236  INFO 2715 --- [    Test worker] .b.t.c.SpringBootTestContextBootstrapper : Loaded default TestExecutionListener class names from location [META-INF/spring.factories]: [org.springframework.security.test.context.support.WithSecurityContextTestExecutionListener, org.springframework.security.test.context.support.ReactorContextTestExecutionListener, org.springframework.boot.test.autoconfigure.restdocs.RestDocsTestExecutionListener, org.springframework.boot.test.autoconfigure.web.client.MockRestServiceServerResetTestExecutionListener, org.springframework.boot.test.autoconfigure.web.servlet.MockMvcPrintOnlyOnFailureTestExecutionListener, org.springframework.boot.test.autoconfigure.web.servlet.WebDriverTestExecutionListener, org.springframework.boot.test.mock.mockito.MockitoTestExecutionListener, org.springframework.boot.test.mock.mockito.ResetMocksTestExecutionListener, org.springframework.test.context.web.ServletTestExecutionListener, org.springframework.test.context.support.DirtiesContextBeforeModesTestExecutionListener, org.springframework.test.context.support.DependencyInjectionTestExecutionListener, org.springframework.test.context.support.DirtiesContextTestExecutionListener, org.springframework.test.context.transaction.TransactionalTestExecutionListener, org.springframework.test.context.jdbc.SqlScriptsTestExecutionListener]
2021-03-22 18:19:36.237  INFO 2715 --- [    Test worker] .b.t.c.SpringBootTestContextBootstrapper : Using TestExecutionListeners: [org.springframework.test.context.web.ServletTestExecutionListener@3f910507, org.springframework.test.context.support.DirtiesContextBeforeModesTestExecutionListener@4072b99c, org.springframework.boot.test.mock.mockito.MockitoTestExecutionListener@35cd8a45, org.springframework.boot.test.autoconfigure.SpringBootDependencyInjectionTestExecutionListener@54336f0b, org.springframework.test.context.support.DirtiesContextTestExecutionListener@633df1b7, org.springframework.test.context.transaction.TransactionalTestExecutionListener@36d61a15, org.springframework.test.context.jdbc.SqlScriptsTestExecutionListener@6f902128, org.springframework.security.test.context.support.WithSecurityContextTestExecutionListener@209440e6, org.springframework.security.test.context.support.ReactorContextTestExecutionListener@2ca8ad0a, org.springframework.boot.test.autoconfigure.restdocs.RestDocsTestExecutionListener@2a281c38, org.springframework.boot.test.autoconfigure.web.client.MockRestServiceServerResetTestExecutionListener@44dff134, org.springframework.boot.test.autoconfigure.web.servlet.MockMvcPrintOnlyOnFailureTestExecutionListener@464e0a39, org.springframework.boot.test.autoconfigure.web.servlet.WebDriverTestExecutionListener@2fe72f07, org.springframework.boot.test.mock.mockito.ResetMocksTestExecutionListener@45c42f1f]

  .   ____          _            __ _ _
 /\\ / ___'_ __ _ _(_)_ __  __ _ \ \ \ \
( ( )\___ | '_ | '_| | '_ \/ _` | \ \ \ \
 \\/  ___)| |_)| | | | | || (_| |  ) ) ) )
  '  |____| .__|_| |_|_| |_\__, | / / / /
 =========|_|==============|___/=/_/_/_/
 :: Spring Boot ::        (v2.1.7.RELEASE)

2021-03-22 18:19:36.254  INFO 2715 --- [    Test worker] c.y.s.domain.posts.PostsRepositoryTest   : Starting PostsRepositoryTest on YS-MacBook-Pro.local with PID 2715 (started by ys in /Users/ys/Files/GitHub/springboot-project)
2021-03-22 18:19:36.255  INFO 2715 --- [    Test worker] c.y.s.domain.posts.PostsRepositoryTest   : No active profile set, falling back to default profiles: default
2021-03-22 18:19:36.390  INFO 2715 --- [    Test worker] .s.d.r.c.RepositoryConfigurationDelegate : Bootstrapping Spring Data repositories in DEFAULT mode.
2021-03-22 18:19:36.400  INFO 2715 --- [    Test worker] .s.d.r.c.RepositoryConfigurationDelegate : Finished Spring Data repository scanning in 10ms. Found 2 repository interfaces.
2021-03-22 18:19:36.468  INFO 2715 --- [    Test worker] trationDelegate$BeanPostProcessorChecker : Bean 'org.springframework.transaction.annotation.ProxyTransactionManagementConfiguration' of type [org.springframework.transaction.annotation.ProxyTransactionManagementConfiguration$$EnhancerBySpringCGLIB$$31a52a82] is not eligible for getting processed by all BeanPostProcessors (for example: not eligible for auto-proxying)
2021-03-22 18:19:36.524  INFO 2715 --- [    Test worker] com.zaxxer.hikari.HikariDataSource       : HikariPool-2 - Starting...
2021-03-22 18:19:36.525  INFO 2715 --- [    Test worker] com.zaxxer.hikari.HikariDataSource       : HikariPool-2 - Start completed.
2021-03-22 18:19:36.540  INFO 2715 --- [    Test worker] o.hibernate.jpa.internal.util.LogHelper  : HHH000204: Processing PersistenceUnitInfo [
	name: default
	...]
2021-03-22 18:19:36.546  INFO 2715 --- [    Test worker] org.hibernate.dialect.Dialect            : HHH000400: Using dialect: org.hibernate.dialect.MySQL5InnoDBDialect
Hibernate: drop table if exists posts
Hibernate: drop table if exists user
Hibernate: create table posts (id bigint not null auto_increment, created_date datetime, modified_date datetime, author varchar(255), content TEXT not null, title varchar(500) not null, primary key (id)) engine=InnoDB
Hibernate: create table user (id bigint not null auto_increment, created_date datetime, modified_date datetime, email varchar(255) not null, name varchar(255) not null, picture varchar(255), role varchar(255) not null, primary key (id)) engine=InnoDB
2021-03-22 18:19:36.580  INFO 2715 --- [    Test worker] o.h.t.schema.internal.SchemaCreatorImpl  : HHH000476: Executing import script 'org.hibernate.tool.schema.internal.exec.ScriptSourceInputNonExistentImpl@1b49be68'
2021-03-22 18:19:36.580  INFO 2715 --- [    Test worker] j.LocalContainerEntityManagerFactoryBean : Initialized JPA EntityManagerFactory for persistence unit 'default'
2021-03-22 18:19:36.704  INFO 2715 --- [    Test worker] o.h.h.i.QueryTranslatorFactoryInitiator  : HHH000397: Using ASTQueryTranslatorFactory
2021-03-22 18:19:36.806  INFO 2715 --- [    Test worker] o.s.s.web.DefaultSecurityFilterChain     : Creating filter chain: any request, [org.springframework.security.web.context.request.async.WebAsyncManagerIntegrationFilter@95fdcac, org.springframework.security.web.context.SecurityContextPersistenceFilter@44e40597, org.springframework.security.web.header.HeaderWriterFilter@2a5d2484, org.springframework.security.web.authentication.logout.LogoutFilter@5abc965c, org.springframework.security.oauth2.client.web.OAuth2AuthorizationRequestRedirectFilter@7c8b1456, org.springframework.security.oauth2.client.web.OAuth2LoginAuthenticationFilter@4207a86a, org.springframework.security.web.authentication.ui.DefaultLoginPageGeneratingFilter@3e90f4a4, org.springframework.security.web.authentication.ui.DefaultLogoutPageGeneratingFilter@58533b0a, org.springframework.security.web.savedrequest.RequestCacheAwareFilter@4fed7e0b, org.springframework.security.web.servletapi.SecurityContextHolderAwareRequestFilter@cd71a76, org.springframework.security.web.authentication.AnonymousAuthenticationFilter@7cdebdf2, org.springframework.security.web.session.SessionManagementFilter@2ea39ac2, org.springframework.security.web.access.ExceptionTranslationFilter@40496961, org.springframework.security.web.access.intercept.FilterSecurityInterceptor@51001ba6]
2021-03-22 18:19:36.992  INFO 2715 --- [    Test worker] o.s.s.concurrent.ThreadPoolTaskExecutor  : Initializing ExecutorService 'applicationTaskExecutor'
2021-03-22 18:19:37.002  WARN 2715 --- [    Test worker] aWebConfiguration$JpaWebMvcConfiguration : spring.jpa.open-in-view is enabled by default. Therefore, database queries may be performed during view rendering. Explicitly configure spring.jpa.open-in-view to disable this warning
2021-03-22 18:19:37.024  INFO 2715 --- [    Test worker] o.s.b.a.w.s.WelcomePageHandlerMapping    : Adding welcome page template: index
2021-03-22 18:19:37.236  INFO 2715 --- [    Test worker] s.a.ScheduledAnnotationBeanPostProcessor : No TaskScheduler/ScheduledExecutorService bean found for scheduled processing
2021-03-22 18:19:37.238  INFO 2715 --- [    Test worker] c.y.s.domain.posts.PostsRepositoryTest   : Started PostsRepositoryTest in 0.999 seconds (JVM running for 7.877)
Hibernate: insert into posts (created_date, modified_date, author, content, title) values (?, ?, ?, ?, ?)
Hibernate: select posts0_.id as id1_0_, posts0_.created_date as created_2_0_, posts0_.modified_date as modified3_0_, posts0_.author as author4_0_, posts0_.content as content5_0_, posts0_.title as title6_0_ from posts posts0_
Hibernate: select posts0_.id as id1_0_, posts0_.created_date as created_2_0_, posts0_.modified_date as modified3_0_, posts0_.author as author4_0_, posts0_.content as content5_0_, posts0_.title as title6_0_ from posts posts0_
Hibernate: delete from posts where id=?
Hibernate: insert into posts (created_date, modified_date, author, content, title) values (?, ?, ?, ?, ?)
Hibernate: select posts0_.id as id1_0_, posts0_.created_date as created_2_0_, posts0_.modified_date as modified3_0_, posts0_.author as author4_0_, posts0_.content as content5_0_, posts0_.title as title6_0_ from posts posts0_
>>>>>>>>>> createdDate=2021-03-22T18:19:37.260446, modifiedDate=2021-03-22T18:19:37.260446
Hibernate: select posts0_.id as id1_0_, posts0_.created_date as created_2_0_, posts0_.modified_date as modified3_0_, posts0_.author as author4_0_, posts0_.content as content5_0_, posts0_.title as title6_0_ from posts posts0_
Hibernate: delete from posts where id=?
]]></system-out>
  <system-err><![CDATA[]]></system-err>
</testsuite>
